<?xml version="1.0" encoding="UTF-8"?>
<testsuite xmlns:xsi="http://www.w3.org/2001/XMLSchema-instance" xsi:noNamespaceSchemaLocation="https://maven.apache.org/surefire/maven-surefire-plugin/xsd/surefire-test-report.xsd" name="io.ekstrai.apps.ose.rmapp.UnitTests" time="0" tests="3" errors="0" skipped="0" failures="0">
  <properties>
    <property name="java.specification.version" value="16"/>
    <property name="sun.jnu.encoding" value="UTF-8"/>
    <property name="java.class.path" value="/Users/ayca/Documents/sandbox/workspace/ose-remember-me/target/test-classes:/Users/ayca/Documents/sandbox/workspace/ose-remember-me/target/classes:/Users/ayca/.m2/repository/org/springframework/boot/spring-boot-starter-web/2.5.3/spring-boot-starter-web-2.5.3.jar:/Users/ayca/.m2/repository/org/springframework/boot/spring-boot-starter/2.5.3/spring-boot-starter-2.5.3.jar:/Users/ayca/.m2/repository/org/springframework/boot/spring-boot-starter-logging/2.5.3/spring-boot-starter-logging-2.5.3.jar:/Users/ayca/.m2/repository/ch/qos/logback/logback-classic/1.2.4/logback-classic-1.2.4.jar:/Users/ayca/.m2/repository/ch/qos/logback/logback-core/1.2.4/logback-core-1.2.4.jar:/Users/ayca/.m2/repository/org/apache/logging/log4j/log4j-to-slf4j/2.14.1/log4j-to-slf4j-2.14.1.jar:/Users/ayca/.m2/repository/org/apache/logging/log4j/log4j-api/2.14.1/log4j-api-2.14.1.jar:/Users/ayca/.m2/repository/org/slf4j/jul-to-slf4j/1.7.32/jul-to-slf4j-1.7.32.jar:/Users/ayca/.m2/repository/jakarta/annotation/jakarta.annotation-api/1.3.5/jakarta.annotation-api-1.3.5.jar:/Users/ayca/.m2/repository/org/yaml/snakeyaml/1.28/snakeyaml-1.28.jar:/Users/ayca/.m2/repository/org/springframework/boot/spring-boot-starter-json/2.5.3/spring-boot-starter-json-2.5.3.jar:/Users/ayca/.m2/repository/com/fasterxml/jackson/core/jackson-databind/2.12.4/jackson-databind-2.12.4.jar:/Users/ayca/.m2/repository/com/fasterxml/jackson/core/jackson-annotations/2.12.4/jackson-annotations-2.12.4.jar:/Users/ayca/.m2/repository/com/fasterxml/jackson/core/jackson-core/2.12.4/jackson-core-2.12.4.jar:/Users/ayca/.m2/repository/com/fasterxml/jackson/datatype/jackson-datatype-jdk8/2.12.4/jackson-datatype-jdk8-2.12.4.jar:/Users/ayca/.m2/repository/com/fasterxml/jackson/datatype/jackson-datatype-jsr310/2.12.4/jackson-datatype-jsr310-2.12.4.jar:/Users/ayca/.m2/repository/com/fasterxml/jackson/module/jackson-module-parameter-names/2.12.4/jackson-module-parameter-names-2.12.4.jar:/Users/ayca/.m2/repository/org/springframework/boot/spring-boot-starter-tomcat/2.5.3/spring-boot-starter-tomcat-2.5.3.jar:/Users/ayca/.m2/repository/org/apache/tomcat/embed/tomcat-embed-core/9.0.50/tomcat-embed-core-9.0.50.jar:/Users/ayca/.m2/repository/org/apache/tomcat/embed/tomcat-embed-el/9.0.50/tomcat-embed-el-9.0.50.jar:/Users/ayca/.m2/repository/org/apache/tomcat/embed/tomcat-embed-websocket/9.0.50/tomcat-embed-websocket-9.0.50.jar:/Users/ayca/.m2/repository/org/springframework/spring-web/5.3.9/spring-web-5.3.9.jar:/Users/ayca/.m2/repository/org/springframework/spring-beans/5.3.9/spring-beans-5.3.9.jar:/Users/ayca/.m2/repository/org/springframework/spring-webmvc/5.3.9/spring-webmvc-5.3.9.jar:/Users/ayca/.m2/repository/org/springframework/spring-aop/5.3.9/spring-aop-5.3.9.jar:/Users/ayca/.m2/repository/org/springframework/spring-context/5.3.9/spring-context-5.3.9.jar:/Users/ayca/.m2/repository/org/springframework/spring-expression/5.3.9/spring-expression-5.3.9.jar:/Users/ayca/.m2/repository/org/springframework/boot/spring-boot-devtools/2.5.3/spring-boot-devtools-2.5.3.jar:/Users/ayca/.m2/repository/org/springframework/boot/spring-boot/2.5.3/spring-boot-2.5.3.jar:/Users/ayca/.m2/repository/org/springframework/boot/spring-boot-autoconfigure/2.5.3/spring-boot-autoconfigure-2.5.3.jar:/Users/ayca/.m2/repository/org/projectlombok/lombok/1.18.20/lombok-1.18.20.jar:/Users/ayca/.m2/repository/org/springframework/boot/spring-boot-starter-test/2.5.3/spring-boot-starter-test-2.5.3.jar:/Users/ayca/.m2/repository/org/springframework/boot/spring-boot-test/2.5.3/spring-boot-test-2.5.3.jar:/Users/ayca/.m2/repository/org/springframework/boot/spring-boot-test-autoconfigure/2.5.3/spring-boot-test-autoconfigure-2.5.3.jar:/Users/ayca/.m2/repository/com/jayway/jsonpath/json-path/2.5.0/json-path-2.5.0.jar:/Users/ayca/.m2/repository/net/minidev/json-smart/2.4.7/json-smart-2.4.7.jar:/Users/ayca/.m2/repository/net/minidev/accessors-smart/2.4.7/accessors-smart-2.4.7.jar:/Users/ayca/.m2/repository/org/ow2/asm/asm/9.1/asm-9.1.jar:/Users/ayca/.m2/repository/org/slf4j/slf4j-api/1.7.32/slf4j-api-1.7.32.jar:/Users/ayca/.m2/repository/jakarta/xml/bind/jakarta.xml.bind-api/2.3.3/jakarta.xml.bind-api-2.3.3.jar:/Users/ayca/.m2/repository/jakarta/activation/jakarta.activation-api/1.2.2/jakarta.activation-api-1.2.2.jar:/Users/ayca/.m2/repository/org/assertj/assertj-core/3.19.0/assertj-core-3.19.0.jar:/Users/ayca/.m2/repository/org/hamcrest/hamcrest/2.2/hamcrest-2.2.jar:/Users/ayca/.m2/repository/org/junit/jupiter/junit-jupiter/5.7.2/junit-jupiter-5.7.2.jar:/Users/ayca/.m2/repository/org/junit/jupiter/junit-jupiter-api/5.7.2/junit-jupiter-api-5.7.2.jar:/Users/ayca/.m2/repository/org/apiguardian/apiguardian-api/1.1.0/apiguardian-api-1.1.0.jar:/Users/ayca/.m2/repository/org/opentest4j/opentest4j/1.2.0/opentest4j-1.2.0.jar:/Users/ayca/.m2/repository/org/junit/platform/junit-platform-commons/1.7.2/junit-platform-commons-1.7.2.jar:/Users/ayca/.m2/repository/org/junit/jupiter/junit-jupiter-params/5.7.2/junit-jupiter-params-5.7.2.jar:/Users/ayca/.m2/repository/org/junit/jupiter/junit-jupiter-engine/5.7.2/junit-jupiter-engine-5.7.2.jar:/Users/ayca/.m2/repository/org/junit/platform/junit-platform-engine/1.7.2/junit-platform-engine-1.7.2.jar:/Users/ayca/.m2/repository/org/mockito/mockito-core/3.9.0/mockito-core-3.9.0.jar:/Users/ayca/.m2/repository/net/bytebuddy/byte-buddy/1.10.22/byte-buddy-1.10.22.jar:/Users/ayca/.m2/repository/net/bytebuddy/byte-buddy-agent/1.10.22/byte-buddy-agent-1.10.22.jar:/Users/ayca/.m2/repository/org/objenesis/objenesis/3.2/objenesis-3.2.jar:/Users/ayca/.m2/repository/org/mockito/mockito-junit-jupiter/3.9.0/mockito-junit-jupiter-3.9.0.jar:/Users/ayca/.m2/repository/org/skyscreamer/jsonassert/1.5.0/jsonassert-1.5.0.jar:/Users/ayca/.m2/repository/com/vaadin/external/google/android-json/0.0.20131108.vaadin1/android-json-0.0.20131108.vaadin1.jar:/Users/ayca/.m2/repository/org/springframework/spring-core/5.3.9/spring-core-5.3.9.jar:/Users/ayca/.m2/repository/org/springframework/spring-jcl/5.3.9/spring-jcl-5.3.9.jar:/Users/ayca/.m2/repository/org/springframework/spring-test/5.3.9/spring-test-5.3.9.jar:/Users/ayca/.m2/repository/org/xmlunit/xmlunit-core/2.8.2/xmlunit-core-2.8.2.jar:/Users/ayca/.m2/repository/junit/junit/4.13/junit-4.13.jar:/Users/ayca/.m2/repository/org/hamcrest/hamcrest-core/2.2/hamcrest-core-2.2.jar:/Users/ayca/.m2/repository/software/amazon/awssdk/dynamodb/2.17.14/dynamodb-2.17.14.jar:/Users/ayca/.m2/repository/software/amazon/awssdk/aws-json-protocol/2.17.14/aws-json-protocol-2.17.14.jar:/Users/ayca/.m2/repository/software/amazon/awssdk/third-party-jackson-core/2.17.14/third-party-jackson-core-2.17.14.jar:/Users/ayca/.m2/repository/software/amazon/awssdk/json-utils/2.17.14/json-utils-2.17.14.jar:/Users/ayca/.m2/repository/software/amazon/awssdk/protocol-core/2.17.14/protocol-core-2.17.14.jar:/Users/ayca/.m2/repository/software/amazon/awssdk/profiles/2.17.14/profiles-2.17.14.jar:/Users/ayca/.m2/repository/software/amazon/awssdk/sdk-core/2.17.14/sdk-core-2.17.14.jar:/Users/ayca/.m2/repository/org/reactivestreams/reactive-streams/1.0.3/reactive-streams-1.0.3.jar:/Users/ayca/.m2/repository/software/amazon/awssdk/auth/2.17.14/auth-2.17.14.jar:/Users/ayca/.m2/repository/software/amazon/eventstream/eventstream/1.0.1/eventstream-1.0.1.jar:/Users/ayca/.m2/repository/software/amazon/awssdk/http-client-spi/2.17.14/http-client-spi-2.17.14.jar:/Users/ayca/.m2/repository/software/amazon/awssdk/regions/2.17.14/regions-2.17.14.jar:/Users/ayca/.m2/repository/software/amazon/awssdk/annotations/2.17.14/annotations-2.17.14.jar:/Users/ayca/.m2/repository/software/amazon/awssdk/utils/2.17.14/utils-2.17.14.jar:/Users/ayca/.m2/repository/software/amazon/awssdk/aws-core/2.17.14/aws-core-2.17.14.jar:/Users/ayca/.m2/repository/software/amazon/awssdk/metrics-spi/2.17.14/metrics-spi-2.17.14.jar:/Users/ayca/.m2/repository/software/amazon/awssdk/apache-client/2.17.14/apache-client-2.17.14.jar:/Users/ayca/.m2/repository/org/apache/httpcomponents/httpclient/4.5.13/httpclient-4.5.13.jar:/Users/ayca/.m2/repository/commons-codec/commons-codec/1.15/commons-codec-1.15.jar:/Users/ayca/.m2/repository/org/apache/httpcomponents/httpcore/4.4.14/httpcore-4.4.14.jar:/Users/ayca/.m2/repository/software/amazon/awssdk/netty-nio-client/2.17.14/netty-nio-client-2.17.14.jar:/Users/ayca/.m2/repository/io/netty/netty-codec-http/4.1.66.Final/netty-codec-http-4.1.66.Final.jar:/Users/ayca/.m2/repository/io/netty/netty-codec-http2/4.1.66.Final/netty-codec-http2-4.1.66.Final.jar:/Users/ayca/.m2/repository/io/netty/netty-codec/4.1.66.Final/netty-codec-4.1.66.Final.jar:/Users/ayca/.m2/repository/io/netty/netty-transport/4.1.66.Final/netty-transport-4.1.66.Final.jar:/Users/ayca/.m2/repository/io/netty/netty-resolver/4.1.66.Final/netty-resolver-4.1.66.Final.jar:/Users/ayca/.m2/repository/io/netty/netty-common/4.1.66.Final/netty-common-4.1.66.Final.jar:/Users/ayca/.m2/repository/io/netty/netty-buffer/4.1.66.Final/netty-buffer-4.1.66.Final.jar:/Users/ayca/.m2/repository/io/netty/netty-handler/4.1.66.Final/netty-handler-4.1.66.Final.jar:/Users/ayca/.m2/repository/io/netty/netty-transport-native-epoll/4.1.66.Final/netty-transport-native-epoll-4.1.66.Final-linux-x86_64.jar:/Users/ayca/.m2/repository/io/netty/netty-transport-native-unix-common/4.1.66.Final/netty-transport-native-unix-common-4.1.66.Final.jar:/Users/ayca/.m2/repository/com/typesafe/netty/netty-reactive-streams-http/2.0.5/netty-reactive-streams-http-2.0.5.jar:/Users/ayca/.m2/repository/com/typesafe/netty/netty-reactive-streams/2.0.5/netty-reactive-streams-2.0.5.jar:"/>
    <property name="java.vm.vendor" value="Homebrew"/>
    <property name="sun.arch.data.model" value="64"/>
    <property name="java.vendor.url" value="https://github.com/Homebrew/homebrew-core/issues"/>
    <property name="os.name" value="Mac OS X"/>
    <property name="java.vm.specification.version" value="16"/>
    <property name="sun.java.launcher" value="SUN_STANDARD"/>
    <property name="user.country" value="TR"/>
    <property name="sun.boot.library.path" value="/usr/local/Cellar/openjdk/16.0.1/libexec/openjdk.jdk/Contents/Home/lib"/>
    <property name="sun.java.command" value="/Users/ayca/Documents/sandbox/workspace/ose-remember-me/target/surefire/surefirebooter9376065777152257898.jar /Users/ayca/Documents/sandbox/workspace/ose-remember-me/target/surefire 2021-08-24T09-55-13_532-jvmRun1 surefire9779054642777612312tmp surefire_06195992537879311595tmp"/>
    <property name="http.nonProxyHosts" value="local|*.local|169.254/16|*.169.254/16"/>
    <property name="jdk.debug" value="release"/>
    <property name="surefire.test.class.path" value="/Users/ayca/Documents/sandbox/workspace/ose-remember-me/target/test-classes:/Users/ayca/Documents/sandbox/workspace/ose-remember-me/target/classes:/Users/ayca/.m2/repository/org/springframework/boot/spring-boot-starter-web/2.5.3/spring-boot-starter-web-2.5.3.jar:/Users/ayca/.m2/repository/org/springframework/boot/spring-boot-starter/2.5.3/spring-boot-starter-2.5.3.jar:/Users/ayca/.m2/repository/org/springframework/boot/spring-boot-starter-logging/2.5.3/spring-boot-starter-logging-2.5.3.jar:/Users/ayca/.m2/repository/ch/qos/logback/logback-classic/1.2.4/logback-classic-1.2.4.jar:/Users/ayca/.m2/repository/ch/qos/logback/logback-core/1.2.4/logback-core-1.2.4.jar:/Users/ayca/.m2/repository/org/apache/logging/log4j/log4j-to-slf4j/2.14.1/log4j-to-slf4j-2.14.1.jar:/Users/ayca/.m2/repository/org/apache/logging/log4j/log4j-api/2.14.1/log4j-api-2.14.1.jar:/Users/ayca/.m2/repository/org/slf4j/jul-to-slf4j/1.7.32/jul-to-slf4j-1.7.32.jar:/Users/ayca/.m2/repository/jakarta/annotation/jakarta.annotation-api/1.3.5/jakarta.annotation-api-1.3.5.jar:/Users/ayca/.m2/repository/org/yaml/snakeyaml/1.28/snakeyaml-1.28.jar:/Users/ayca/.m2/repository/org/springframework/boot/spring-boot-starter-json/2.5.3/spring-boot-starter-json-2.5.3.jar:/Users/ayca/.m2/repository/com/fasterxml/jackson/core/jackson-databind/2.12.4/jackson-databind-2.12.4.jar:/Users/ayca/.m2/repository/com/fasterxml/jackson/core/jackson-annotations/2.12.4/jackson-annotations-2.12.4.jar:/Users/ayca/.m2/repository/com/fasterxml/jackson/core/jackson-core/2.12.4/jackson-core-2.12.4.jar:/Users/ayca/.m2/repository/com/fasterxml/jackson/datatype/jackson-datatype-jdk8/2.12.4/jackson-datatype-jdk8-2.12.4.jar:/Users/ayca/.m2/repository/com/fasterxml/jackson/datatype/jackson-datatype-jsr310/2.12.4/jackson-datatype-jsr310-2.12.4.jar:/Users/ayca/.m2/repository/com/fasterxml/jackson/module/jackson-module-parameter-names/2.12.4/jackson-module-parameter-names-2.12.4.jar:/Users/ayca/.m2/repository/org/springframework/boot/spring-boot-starter-tomcat/2.5.3/spring-boot-starter-tomcat-2.5.3.jar:/Users/ayca/.m2/repository/org/apache/tomcat/embed/tomcat-embed-core/9.0.50/tomcat-embed-core-9.0.50.jar:/Users/ayca/.m2/repository/org/apache/tomcat/embed/tomcat-embed-el/9.0.50/tomcat-embed-el-9.0.50.jar:/Users/ayca/.m2/repository/org/apache/tomcat/embed/tomcat-embed-websocket/9.0.50/tomcat-embed-websocket-9.0.50.jar:/Users/ayca/.m2/repository/org/springframework/spring-web/5.3.9/spring-web-5.3.9.jar:/Users/ayca/.m2/repository/org/springframework/spring-beans/5.3.9/spring-beans-5.3.9.jar:/Users/ayca/.m2/repository/org/springframework/spring-webmvc/5.3.9/spring-webmvc-5.3.9.jar:/Users/ayca/.m2/repository/org/springframework/spring-aop/5.3.9/spring-aop-5.3.9.jar:/Users/ayca/.m2/repository/org/springframework/spring-context/5.3.9/spring-context-5.3.9.jar:/Users/ayca/.m2/repository/org/springframework/spring-expression/5.3.9/spring-expression-5.3.9.jar:/Users/ayca/.m2/repository/org/springframework/boot/spring-boot-devtools/2.5.3/spring-boot-devtools-2.5.3.jar:/Users/ayca/.m2/repository/org/springframework/boot/spring-boot/2.5.3/spring-boot-2.5.3.jar:/Users/ayca/.m2/repository/org/springframework/boot/spring-boot-autoconfigure/2.5.3/spring-boot-autoconfigure-2.5.3.jar:/Users/ayca/.m2/repository/org/projectlombok/lombok/1.18.20/lombok-1.18.20.jar:/Users/ayca/.m2/repository/org/springframework/boot/spring-boot-starter-test/2.5.3/spring-boot-starter-test-2.5.3.jar:/Users/ayca/.m2/repository/org/springframework/boot/spring-boot-test/2.5.3/spring-boot-test-2.5.3.jar:/Users/ayca/.m2/repository/org/springframework/boot/spring-boot-test-autoconfigure/2.5.3/spring-boot-test-autoconfigure-2.5.3.jar:/Users/ayca/.m2/repository/com/jayway/jsonpath/json-path/2.5.0/json-path-2.5.0.jar:/Users/ayca/.m2/repository/net/minidev/json-smart/2.4.7/json-smart-2.4.7.jar:/Users/ayca/.m2/repository/net/minidev/accessors-smart/2.4.7/accessors-smart-2.4.7.jar:/Users/ayca/.m2/repository/org/ow2/asm/asm/9.1/asm-9.1.jar:/Users/ayca/.m2/repository/org/slf4j/slf4j-api/1.7.32/slf4j-api-1.7.32.jar:/Users/ayca/.m2/repository/jakarta/xml/bind/jakarta.xml.bind-api/2.3.3/jakarta.xml.bind-api-2.3.3.jar:/Users/ayca/.m2/repository/jakarta/activation/jakarta.activation-api/1.2.2/jakarta.activation-api-1.2.2.jar:/Users/ayca/.m2/repository/org/assertj/assertj-core/3.19.0/assertj-core-3.19.0.jar:/Users/ayca/.m2/repository/org/hamcrest/hamcrest/2.2/hamcrest-2.2.jar:/Users/ayca/.m2/repository/org/junit/jupiter/junit-jupiter/5.7.2/junit-jupiter-5.7.2.jar:/Users/ayca/.m2/repository/org/junit/jupiter/junit-jupiter-api/5.7.2/junit-jupiter-api-5.7.2.jar:/Users/ayca/.m2/repository/org/apiguardian/apiguardian-api/1.1.0/apiguardian-api-1.1.0.jar:/Users/ayca/.m2/repository/org/opentest4j/opentest4j/1.2.0/opentest4j-1.2.0.jar:/Users/ayca/.m2/repository/org/junit/platform/junit-platform-commons/1.7.2/junit-platform-commons-1.7.2.jar:/Users/ayca/.m2/repository/org/junit/jupiter/junit-jupiter-params/5.7.2/junit-jupiter-params-5.7.2.jar:/Users/ayca/.m2/repository/org/junit/jupiter/junit-jupiter-engine/5.7.2/junit-jupiter-engine-5.7.2.jar:/Users/ayca/.m2/repository/org/junit/platform/junit-platform-engine/1.7.2/junit-platform-engine-1.7.2.jar:/Users/ayca/.m2/repository/org/mockito/mockito-core/3.9.0/mockito-core-3.9.0.jar:/Users/ayca/.m2/repository/net/bytebuddy/byte-buddy/1.10.22/byte-buddy-1.10.22.jar:/Users/ayca/.m2/repository/net/bytebuddy/byte-buddy-agent/1.10.22/byte-buddy-agent-1.10.22.jar:/Users/ayca/.m2/repository/org/objenesis/objenesis/3.2/objenesis-3.2.jar:/Users/ayca/.m2/repository/org/mockito/mockito-junit-jupiter/3.9.0/mockito-junit-jupiter-3.9.0.jar:/Users/ayca/.m2/repository/org/skyscreamer/jsonassert/1.5.0/jsonassert-1.5.0.jar:/Users/ayca/.m2/repository/com/vaadin/external/google/android-json/0.0.20131108.vaadin1/android-json-0.0.20131108.vaadin1.jar:/Users/ayca/.m2/repository/org/springframework/spring-core/5.3.9/spring-core-5.3.9.jar:/Users/ayca/.m2/repository/org/springframework/spring-jcl/5.3.9/spring-jcl-5.3.9.jar:/Users/ayca/.m2/repository/org/springframework/spring-test/5.3.9/spring-test-5.3.9.jar:/Users/ayca/.m2/repository/org/xmlunit/xmlunit-core/2.8.2/xmlunit-core-2.8.2.jar:/Users/ayca/.m2/repository/junit/junit/4.13/junit-4.13.jar:/Users/ayca/.m2/repository/org/hamcrest/hamcrest-core/2.2/hamcrest-core-2.2.jar:/Users/ayca/.m2/repository/software/amazon/awssdk/dynamodb/2.17.14/dynamodb-2.17.14.jar:/Users/ayca/.m2/repository/software/amazon/awssdk/aws-json-protocol/2.17.14/aws-json-protocol-2.17.14.jar:/Users/ayca/.m2/repository/software/amazon/awssdk/third-party-jackson-core/2.17.14/third-party-jackson-core-2.17.14.jar:/Users/ayca/.m2/repository/software/amazon/awssdk/json-utils/2.17.14/json-utils-2.17.14.jar:/Users/ayca/.m2/repository/software/amazon/awssdk/protocol-core/2.17.14/protocol-core-2.17.14.jar:/Users/ayca/.m2/repository/software/amazon/awssdk/profiles/2.17.14/profiles-2.17.14.jar:/Users/ayca/.m2/repository/software/amazon/awssdk/sdk-core/2.17.14/sdk-core-2.17.14.jar:/Users/ayca/.m2/repository/org/reactivestreams/reactive-streams/1.0.3/reactive-streams-1.0.3.jar:/Users/ayca/.m2/repository/software/amazon/awssdk/auth/2.17.14/auth-2.17.14.jar:/Users/ayca/.m2/repository/software/amazon/eventstream/eventstream/1.0.1/eventstream-1.0.1.jar:/Users/ayca/.m2/repository/software/amazon/awssdk/http-client-spi/2.17.14/http-client-spi-2.17.14.jar:/Users/ayca/.m2/repository/software/amazon/awssdk/regions/2.17.14/regions-2.17.14.jar:/Users/ayca/.m2/repository/software/amazon/awssdk/annotations/2.17.14/annotations-2.17.14.jar:/Users/ayca/.m2/repository/software/amazon/awssdk/utils/2.17.14/utils-2.17.14.jar:/Users/ayca/.m2/repository/software/amazon/awssdk/aws-core/2.17.14/aws-core-2.17.14.jar:/Users/ayca/.m2/repository/software/amazon/awssdk/metrics-spi/2.17.14/metrics-spi-2.17.14.jar:/Users/ayca/.m2/repository/software/amazon/awssdk/apache-client/2.17.14/apache-client-2.17.14.jar:/Users/ayca/.m2/repository/org/apache/httpcomponents/httpclient/4.5.13/httpclient-4.5.13.jar:/Users/ayca/.m2/repository/commons-codec/commons-codec/1.15/commons-codec-1.15.jar:/Users/ayca/.m2/repository/org/apache/httpcomponents/httpcore/4.4.14/httpcore-4.4.14.jar:/Users/ayca/.m2/repository/software/amazon/awssdk/netty-nio-client/2.17.14/netty-nio-client-2.17.14.jar:/Users/ayca/.m2/repository/io/netty/netty-codec-http/4.1.66.Final/netty-codec-http-4.1.66.Final.jar:/Users/ayca/.m2/repository/io/netty/netty-codec-http2/4.1.66.Final/netty-codec-http2-4.1.66.Final.jar:/Users/ayca/.m2/repository/io/netty/netty-codec/4.1.66.Final/netty-codec-4.1.66.Final.jar:/Users/ayca/.m2/repository/io/netty/netty-transport/4.1.66.Final/netty-transport-4.1.66.Final.jar:/Users/ayca/.m2/repository/io/netty/netty-resolver/4.1.66.Final/netty-resolver-4.1.66.Final.jar:/Users/ayca/.m2/repository/io/netty/netty-common/4.1.66.Final/netty-common-4.1.66.Final.jar:/Users/ayca/.m2/repository/io/netty/netty-buffer/4.1.66.Final/netty-buffer-4.1.66.Final.jar:/Users/ayca/.m2/repository/io/netty/netty-handler/4.1.66.Final/netty-handler-4.1.66.Final.jar:/Users/ayca/.m2/repository/io/netty/netty-transport-native-epoll/4.1.66.Final/netty-transport-native-epoll-4.1.66.Final-linux-x86_64.jar:/Users/ayca/.m2/repository/io/netty/netty-transport-native-unix-common/4.1.66.Final/netty-transport-native-unix-common-4.1.66.Final.jar:/Users/ayca/.m2/repository/com/typesafe/netty/netty-reactive-streams-http/2.0.5/netty-reactive-streams-http-2.0.5.jar:/Users/ayca/.m2/repository/com/typesafe/netty/netty-reactive-streams/2.0.5/netty-reactive-streams-2.0.5.jar:"/>
    <property name="sun.cpu.endian" value="little"/>
    <property name="user.home" value="/Users/ayca"/>
    <property name="user.language" value="en"/>
    <property name="java.specification.vendor" value="Oracle Corporation"/>
    <property name="java.version.date" value="2021-04-20"/>
    <property name="java.home" value="/usr/local/Cellar/openjdk/16.0.1/libexec/openjdk.jdk/Contents/Home"/>
    <property name="file.separator" value="/"/>
    <property name="basedir" value="/Users/ayca/Documents/sandbox/workspace/ose-remember-me"/>
    <property name="java.vm.compressedOopsMode" value="Zero based"/>
    <property name="line.separator" value="&#10;"/>
    <property name="java.specification.name" value="Java Platform API Specification"/>
    <property name="java.vm.specification.vendor" value="Oracle Corporation"/>
    <property name="surefire.real.class.path" value="/Users/ayca/Documents/sandbox/workspace/ose-remember-me/target/surefire/surefirebooter9376065777152257898.jar"/>
    <property name="sun.management.compiler" value="HotSpot 64-Bit Tiered Compilers"/>
    <property name="ftp.nonProxyHosts" value="local|*.local|169.254/16|*.169.254/16"/>
    <property name="java.runtime.version" value="16.0.1+0"/>
    <property name="user.name" value="ayca"/>
    <property name="path.separator" value=":"/>
    <property name="os.version" value="11.4"/>
    <property name="java.runtime.name" value="OpenJDK Runtime Environment"/>
    <property name="file.encoding" value="UTF-8"/>
    <property name="java.vm.name" value="OpenJDK 64-Bit Server VM"/>
    <property name="java.vendor.version" value="Homebrew"/>
    <property name="localRepository" value="/Users/ayca/.m2/repository"/>
    <property name="java.vendor.url.bug" value="https://github.com/Homebrew/homebrew-core/issues"/>
    <property name="java.io.tmpdir" value="/var/folders/pq/n_2lhtdd54bc2vy761f9ycwh0000gn/T/"/>
    <property name="java.version" value="16.0.1"/>
    <property name="user.dir" value="/Users/ayca/Documents/sandbox/workspace/ose-remember-me"/>
    <property name="os.arch" value="x86_64"/>
    <property name="java.vm.specification.name" value="Java Virtual Machine Specification"/>
    <property name="java.library.path" value="/Users/ayca/Library/Java/Extensions:/Library/Java/Extensions:/Network/Library/Java/Extensions:/System/Library/Java/Extensions:/usr/lib/java:."/>
    <property name="java.vm.info" value="mixed mode, sharing"/>
    <property name="java.vendor" value="Homebrew"/>
    <property name="java.vm.version" value="16.0.1+0"/>
    <property name="sun.io.unicode.encoding" value="UnicodeBig"/>
    <property name="socksNonProxyHosts" value="local|*.local|169.254/16|*.169.254/16"/>
    <property name="java.class.version" value="60.0"/>
  </properties>
  <testcase name="testingFrameworkWorks" classname="io.ekstrai.apps.ose.rmapp.UnitTests" time="0"/>
  <testcase name="notePojoDefaultConstructorsWorks" classname="io.ekstrai.apps.ose.rmapp.UnitTests" time="0"/>
  <testcase name="reminderPojoDefaultConstructorsWorks" classname="io.ekstrai.apps.ose.rmapp.UnitTests" time="0"/>
</testsuite>